<?xml version="1.0" encoding="UTF-8"?>
<!-- Generated by org.testng.reporters.JUnitReportReporter -->
<testsuite hostname="LAPTOP-ASKQ9BMM" failures="0" tests="4" name="ujian.ujiankelima.runner.TestCatatanKeuangan" time="19.148" errors="0" timestamp="2022-09-25T11:01:28 ICT" skipped="0">
  <testcase classname="ujian.ujiankelima.runner.TestCatatanKeuangan" name="testAdd" time="4.709"/>
  <system-out/>
  <testcase classname="ujian.ujiankelima.runner.TestCatatanKeuangan" name="testAddIncome" time="4.086"/>
  <system-out/>
  <testcase classname="ujian.ujiankelima.runner.TestCatatanKeuangan" name="testDeleteData" time="2.751"/>
  <system-out/>
  <testcase classname="ujian.ujiankelima.runner.TestCatatanKeuangan" name="testExport" time="7.602"/>
  <system-out/>
</testsuite> <!-- ujian.ujiankelima.runner.TestCatatanKeuangan -->
